2026-07-15 10:49:35,299 [INFO] ==================================================
2026-07-15 10:49:35,299 [INFO] 🏁 เริ่มต้นระบบตรวจสอบเครือข่ายและไอทีอินฟราสตรัคเจอร์
2026-07-15 10:49:35,299 [INFO] ==================================================
2026-07-15 10:49:35,300 [INFO] 🚀 เริ่มต้นการทำงานของสคริปต์: network_monitor.py
2026-07-15 10:49:35,300 [INFO] 🚀 เริ่มต้นการทำงานของสคริปต์: device_monitor.py
2026-07-15 10:49:35,301 [INFO] 🚀 เริ่มต้นการทำงานของสคริปต์: cctv_monitor.py
2026-07-15 10:49:35,660 [INFO] ✅ สคริปต์ network_monitor.py ทำงานเสร็จสิ้นอย่างสมบูรณ์
2026-07-15 10:49:35,685 [INFO] ✅ สคริปต์ cctv_monitor.py ทำงานเสร็จสิ้นอย่างสมบูรณ์
2026-07-15 10:49:37,653 [INFO] ✅ สคริปต์ device_monitor.py ทำงานเสร็จสิ้นอย่างสมบูรณ์
2026-07-15 10:49:37,654 [INFO] ⏱️ ตรวจสอบระบบไอทีเสร็จสิ้นทั้งหมด ใช้เวลารวม: 2.36 วินาที
2026-07-15 10:49:37,654 [INFO] ==================================================

2026-07-15 10:51:19,692 [INFO] ==================================================
2026-07-15 10:51:19,692 [INFO] 🏁 เริ่มต้นระบบตรวจสอบเครือข่ายและไอทีอินฟราสตรัคเจอร์
2026-07-15 10:51:19,692 [INFO] ==================================================
2026-07-15 10:51:19,692 [INFO] 🚀 เริ่มต้นการทำงานของสคริปต์: network_monitor.py
2026-07-15 10:51:19,693 [INFO] 🚀 เริ่มต้นการทำงานของสคริปต์: device_monitor.py
2026-07-15 10:51:19,694 [INFO] 🚀 เริ่มต้นการทำงานของสคริปต์: cctv_monitor.py
2026-07-15 10:51:20,035 [INFO] ✅ สคริปต์ network_monitor.py ทำงานเสร็จสิ้นอย่างสมบูรณ์
2026-07-15 10:51:20,990 [INFO] ✅ สคริปต์ cctv_monitor.py ทำงานเสร็จสิ้นอย่างสมบูรณ์
2026-07-15 10:51:22,062 [INFO] ✅ สคริปต์ device_monitor.py ทำงานเสร็จสิ้นอย่างสมบูรณ์
2026-07-15 10:51:22,062 [INFO] ⏱️ ตรวจสอบระบบไอทีเสร็จสิ้นทั้งหมด ใช้เวลารวม: 2.37 วินาที
2026-07-15 10:51:22,062 [INFO] ==================================================

2026-07-15 11:05:50,560 [INFO] ==================================================
2026-07-15 11:05:50,560 [INFO] 🏁 เริ่มต้นระบบตรวจสอบเครือข่ายและไอทีอินฟราสตรัคเจอร์
2026-07-15 11:05:50,560 [INFO] ==================================================
2026-07-15 11:05:50,560 [INFO] 🚀 เริ่มต้นการทำงานของสคริปต์: network_monitor.py
2026-07-15 11:05:50,561 [INFO] 🚀 เริ่มต้นการทำงานของสคริปต์: device_monitor.py
2026-07-15 11:05:50,562 [INFO] 🚀 เริ่มต้นการทำงานของสคริปต์: cctv_monitor.py
2026-07-15 11:05:50,933 [INFO] ✅ สคริปต์ network_monitor.py ทำงานเสร็จสิ้นอย่างสมบูรณ์
2026-07-15 11:05:51,931 [INFO] ✅ สคริปต์ cctv_monitor.py ทำงานเสร็จสิ้นอย่างสมบูรณ์
2026-07-15 11:05:52,929 [INFO] ✅ สคริปต์ device_monitor.py ทำงานเสร็จสิ้นอย่างสมบูรณ์
2026-07-15 11:05:52,930 [INFO] ⏱️ ตรวจสอบระบบไอทีเสร็จสิ้นทั้งหมด ใช้เวลารวม: 2.37 วินาที
2026-07-15 11:05:52,930 [INFO] ==================================================

2026-07-15 11:06:19,556 [INFO] ==================================================
2026-07-15 11:06:19,556 [INFO] 🏁 เริ่มต้นระบบตรวจสอบเครือข่ายและไอทีอินฟราสตรัคเจอร์
2026-07-15 11:06:19,556 [INFO] ==================================================
2026-07-15 11:06:19,557 [INFO] 🚀 เริ่มต้นการทำงานของสคริปต์: network_monitor.py
2026-07-15 11:06:19,557 [INFO] 🚀 เริ่มต้นการทำงานของสคริปต์: device_monitor.py
2026-07-15 11:06:19,558 [INFO] 🚀 เริ่มต้นการทำงานของสคริปต์: cctv_monitor.py
2026-07-15 11:06:19,954 [INFO] ✅ สคริปต์ network_monitor.py ทำงานเสร็จสิ้นอย่างสมบูรณ์
2026-07-15 11:06:19,984 [INFO] ✅ สคริปต์ cctv_monitor.py ทำงานเสร็จสิ้นอย่างสมบูรณ์
2026-07-15 11:06:21,905 [INFO] ✅ สคริปต์ device_monitor.py ทำงานเสร็จสิ้นอย่างสมบูรณ์
2026-07-15 11:06:21,905 [INFO] ⏱️ ตรวจสอบระบบไอทีเสร็จสิ้นทั้งหมด ใช้เวลารวม: 2.35 วินาที
2026-07-15 11:06:21,905 [INFO] ==================================================

2026-07-15 11:06:48,210 [INFO] ==================================================
2026-07-15 11:06:48,210 [INFO] 🏁 เริ่มต้นระบบตรวจสอบเครือข่ายและไอทีอินฟราสตรัคเจอร์
2026-07-15 11:06:48,210 [INFO] ==================================================
2026-07-15 11:06:48,210 [INFO] 🚀 เริ่มต้นการทำงานของสคริปต์: network_monitor.py
2026-07-15 11:06:48,211 [INFO] 🚀 เริ่มต้นการทำงานของสคริปต์: device_monitor.py
2026-07-15 11:06:48,211 [INFO] 🚀 เริ่มต้นการทำงานของสคริปต์: cctv_monitor.py
2026-07-15 11:06:48,542 [INFO] ✅ สคริปต์ network_monitor.py ทำงานเสร็จสิ้นอย่างสมบูรณ์
2026-07-15 11:06:48,543 [INFO] ✅ สคริปต์ cctv_monitor.py ทำงานเสร็จสิ้นอย่างสมบูรณ์
2026-07-15 11:06:51,125 [INFO] ✅ สคริปต์ device_monitor.py ทำงานเสร็จสิ้นอย่างสมบูรณ์
2026-07-15 11:06:51,126 [INFO] ⏱️ ตรวจสอบระบบไอทีเสร็จสิ้นทั้งหมด ใช้เวลารวม: 2.92 วินาที
2026-07-15 11:06:51,126 [INFO] ==================================================

2026-07-15 12:00:02,149 [INFO] ==================================================
2026-07-15 12:00:02,150 [INFO] 🏁 เริ่มต้นระบบตรวจสอบเครือข่ายและไอทีอินฟราสตรัคเจอร์
2026-07-15 12:00:02,150 [INFO] ==================================================
2026-07-15 12:00:02,151 [INFO] 🚀 เริ่มต้นการทำงานของสคริปต์: network_monitor.py
2026-07-15 12:00:02,151 [INFO] 🚀 เริ่มต้นการทำงานของสคริปต์: device_monitor.py
2026-07-15 12:00:02,151 [INFO] 🚀 เริ่มต้นการทำงานของสคริปต์: cctv_monitor.py
2026-07-15 12:00:04,032 [INFO] ✅ สคริปต์ network_monitor.py ทำงานเสร็จสิ้นอย่างสมบูรณ์
2026-07-15 12:00:04,211 [INFO] ✅ สคริปต์ cctv_monitor.py ทำงานเสร็จสิ้นอย่างสมบูรณ์
2026-07-15 12:00:05,152 [INFO] ✅ สคริปต์ device_monitor.py ทำงานเสร็จสิ้นอย่างสมบูรณ์
2026-07-15 12:00:05,152 [INFO] ⏱️ ตรวจสอบระบบไอทีเสร็จสิ้นทั้งหมด ใช้เวลารวม: 3.00 วินาที
2026-07-15 12:00:05,153 [INFO] ==================================================

2026-07-15 13:06:35,293 [INFO] ==================================================
2026-07-15 13:06:35,295 [INFO] 🏁 เริ่มต้นระบบตรวจสอบเครือข่ายและไอทีอินฟราสตรัคเจอร์
2026-07-15 13:06:35,295 [INFO] ==================================================
2026-07-15 13:06:35,295 [INFO] 🚀 เริ่มต้นการทำงานของสคริปต์: network_monitor.py
2026-07-15 13:06:35,296 [INFO] 🚀 เริ่มต้นการทำงานของสคริปต์: device_monitor.py
2026-07-15 13:06:35,296 [INFO] 🚀 เริ่มต้นการทำงานของสคริปต์: cctv_monitor.py
2026-07-15 13:06:35,880 [INFO] ✅ สคริปต์ network_monitor.py ทำงานเสร็จสิ้นอย่างสมบูรณ์
2026-07-15 13:06:36,838 [INFO] ✅ สคริปต์ cctv_monitor.py ทำงานเสร็จสิ้นอย่างสมบูรณ์
2026-07-15 13:06:38,443 [INFO] ✅ สคริปต์ device_monitor.py ทำงานเสร็จสิ้นอย่างสมบูรณ์
2026-07-15 13:06:38,446 [INFO] ⏱️ ตรวจสอบระบบไอทีเสร็จสิ้นทั้งหมด ใช้เวลารวม: 3.15 วินาที
2026-07-15 13:06:38,446 [INFO] ==================================================

2026-07-15 13:08:39,798 [INFO] ==================================================
2026-07-15 13:08:39,798 [INFO] 🏁 เริ่มต้นระบบตรวจสอบเครือข่ายและไอทีอินฟราสตรัคเจอร์
2026-07-15 13:08:39,798 [INFO] ==================================================
2026-07-15 13:08:39,799 [INFO] 🚀 เริ่มต้นการทำงานของสคริปต์: network_monitor.py
2026-07-15 13:08:39,799 [INFO] 🚀 เริ่มต้นการทำงานของสคริปต์: device_monitor.py
2026-07-15 13:08:39,799 [INFO] 🚀 เริ่มต้นการทำงานของสคริปต์: cctv_monitor.py
2026-07-15 13:08:40,158 [INFO] ✅ สคริปต์ network_monitor.py ทำงานเสร็จสิ้นอย่างสมบูรณ์
2026-07-15 13:08:41,151 [INFO] ✅ สคริปต์ cctv_monitor.py ทำงานเสร็จสิ้นอย่างสมบูรณ์
2026-07-15 13:08:42,132 [INFO] ✅ สคริปต์ device_monitor.py ทำงานเสร็จสิ้นอย่างสมบูรณ์
2026-07-15 13:08:42,132 [INFO] ⏱️ ตรวจสอบระบบไอทีเสร็จสิ้นทั้งหมด ใช้เวลารวม: 2.33 วินาที
2026-07-15 13:08:42,133 [INFO] ==================================================

2026-07-15 13:22:43,303 [INFO] ==================================================
2026-07-15 13:22:43,303 [INFO] 🏁 เริ่มต้นระบบตรวจสอบเครือข่ายและไอทีอินฟราสตรัคเจอร์
2026-07-15 13:22:43,304 [INFO] ==================================================
2026-07-15 13:22:43,304 [INFO] 🚀 เริ่มต้นการทำงานของสคริปต์: network_monitor.py
2026-07-15 13:22:43,304 [INFO] 🚀 เริ่มต้นการทำงานของสคริปต์: device_monitor.py
2026-07-15 13:22:43,304 [INFO] 🚀 เริ่มต้นการทำงานของสคริปต์: cctv_monitor.py
2026-07-15 13:22:43,631 [INFO] ✅ สคริปต์ network_monitor.py ทำงานเสร็จสิ้นอย่างสมบูรณ์
2026-07-15 13:22:44,634 [INFO] ✅ สคริปต์ cctv_monitor.py ทำงานเสร็จสิ้นอย่างสมบูรณ์
2026-07-15 13:22:46,212 [INFO] ✅ สคริปต์ device_monitor.py ทำงานเสร็จสิ้นอย่างสมบูรณ์
2026-07-15 13:22:46,212 [INFO] ⏱️ ตรวจสอบระบบไอทีเสร็จสิ้นทั้งหมด ใช้เวลารวม: 2.91 วินาที
2026-07-15 13:22:46,212 [INFO] ==================================================

2026-07-15 13:34:19,803 [INFO] ==================================================
2026-07-15 13:34:19,803 [INFO] 🏁 เริ่มต้นระบบตรวจสอบเครือข่ายและไอทีอินฟราสตรัคเจอร์
2026-07-15 13:34:19,803 [INFO] ==================================================
2026-07-15 13:34:19,804 [INFO] 🚀 เริ่มต้นการทำงานของสคริปต์: network_monitor.py
2026-07-15 13:34:19,804 [INFO] 🚀 เริ่มต้นการทำงานของสคริปต์: device_monitor.py
2026-07-15 13:34:19,804 [INFO] 🚀 เริ่มต้นการทำงานของสคริปต์: cctv_monitor.py
2026-07-15 13:34:20,166 [INFO] ✅ สคริปต์ network_monitor.py ทำงานเสร็จสิ้นอย่างสมบูรณ์
2026-07-15 13:34:20,181 [INFO] ✅ สคริปต์ cctv_monitor.py ทำงานเสร็จสิ้นอย่างสมบูรณ์
2026-07-15 13:34:22,125 [INFO] ✅ สคริปต์ device_monitor.py ทำงานเสร็จสิ้นอย่างสมบูรณ์
2026-07-15 13:34:22,126 [INFO] ⏱️ ตรวจสอบระบบไอทีเสร็จสิ้นทั้งหมด ใช้เวลารวม: 2.32 วินาที
2026-07-15 13:34:22,126 [INFO] ==================================================

2026-07-15 13:35:08,643 [INFO] ==================================================
2026-07-15 13:35:08,643 [INFO] 🏁 เริ่มต้นระบบตรวจสอบเครือข่ายและไอทีอินฟราสตรัคเจอร์
2026-07-15 13:35:08,643 [INFO] ==================================================
2026-07-15 13:35:08,644 [INFO] 🚀 เริ่มต้นการทำงานของสคริปต์: network_monitor.py
2026-07-15 13:35:08,644 [INFO] 🚀 เริ่มต้นการทำงานของสคริปต์: device_monitor.py
2026-07-15 13:35:08,645 [INFO] 🚀 เริ่มต้นการทำงานของสคริปต์: cctv_monitor.py
2026-07-15 13:35:08,975 [INFO] ✅ สคริปต์ network_monitor.py ทำงานเสร็จสิ้นอย่างสมบูรณ์
2026-07-15 13:35:09,046 [INFO] ✅ สคริปต์ cctv_monitor.py ทำงานเสร็จสิ้นอย่างสมบูรณ์
2026-07-15 13:35:11,508 [INFO] ✅ สคริปต์ device_monitor.py ทำงานเสร็จสิ้นอย่างสมบูรณ์
2026-07-15 13:35:11,508 [INFO] ⏱️ ตรวจสอบระบบไอทีเสร็จสิ้นทั้งหมด ใช้เวลารวม: 2.87 วินาที
2026-07-15 13:35:11,509 [INFO] ==================================================

2026-07-15 13:41:15,707 [INFO] ==================================================
2026-07-15 13:41:15,707 [INFO] 🏁 เริ่มต้นระบบตรวจสอบเครือข่ายและไอทีอินฟราสตรัคเจอร์
2026-07-15 13:41:15,708 [INFO] ==================================================
2026-07-15 13:41:15,708 [INFO] 🚀 เริ่มต้นการทำงานของสคริปต์: network_monitor.py
2026-07-15 13:41:15,709 [INFO] 🚀 เริ่มต้นการทำงานของสคริปต์: device_monitor.py
2026-07-15 13:41:15,709 [INFO] 🚀 เริ่มต้นการทำงานของสคริปต์: cctv_monitor.py
2026-07-15 13:41:16,199 [INFO] ✅ สคริปต์ network_monitor.py ทำงานเสร็จสิ้นอย่างสมบูรณ์
2026-07-15 13:41:17,213 [INFO] ✅ สคริปต์ cctv_monitor.py ทำงานเสร็จสิ้นอย่างสมบูรณ์
2026-07-15 13:41:18,714 [INFO] ✅ สคริปต์ device_monitor.py ทำงานเสร็จสิ้นอย่างสมบูรณ์
2026-07-15 13:41:18,715 [INFO] ⏱️ ตรวจสอบระบบไอทีเสร็จสิ้นทั้งหมด ใช้เวลารวม: 3.01 วินาที
2026-07-15 13:41:18,715 [INFO] ==================================================

2026-07-15 13:41:47,828 [INFO] ==================================================
2026-07-15 13:41:47,828 [INFO] 🏁 เริ่มต้นระบบตรวจสอบเครือข่ายและไอทีอินฟราสตรัคเจอร์
2026-07-15 13:41:47,829 [INFO] ==================================================
2026-07-15 13:41:47,829 [INFO] 🚀 เริ่มต้นการทำงานของสคริปต์: network_monitor.py
2026-07-15 13:41:47,829 [INFO] 🚀 เริ่มต้นการทำงานของสคริปต์: device_monitor.py
2026-07-15 13:41:47,829 [INFO] 🚀 เริ่มต้นการทำงานของสคริปต์: cctv_monitor.py
2026-07-15 13:41:48,171 [INFO] ✅ สคริปต์ network_monitor.py ทำงานเสร็จสิ้นอย่างสมบูรณ์
2026-07-15 13:41:48,184 [INFO] ✅ สคริปต์ cctv_monitor.py ทำงานเสร็จสิ้นอย่างสมบูรณ์
2026-07-15 13:41:50,139 [INFO] ✅ สคริปต์ device_monitor.py ทำงานเสร็จสิ้นอย่างสมบูรณ์
2026-07-15 13:41:50,140 [INFO] ⏱️ ตรวจสอบระบบไอทีเสร็จสิ้นทั้งหมด ใช้เวลารวม: 2.31 วินาที
2026-07-15 13:41:50,140 [INFO] ==================================================

2026-07-15 16:52:16,091 [INFO] ==================================================
2026-07-15 16:52:16,091 [INFO] 🏁 เริ่มต้นระบบตรวจสอบเครือข่ายและไอทีอินฟราสตรัคเจอร์
2026-07-15 16:52:16,092 [INFO] ==================================================
2026-07-15 16:52:16,092 [INFO] 🚀 เริ่มต้นการทำงานของสคริปต์: network_monitor.py
2026-07-15 16:52:16,092 [INFO] 🚀 เริ่มต้นการทำงานของสคริปต์: device_monitor.py
2026-07-15 16:52:16,092 [INFO] 🚀 เริ่มต้นการทำงานของสคริปต์: cctv_monitor.py
2026-07-15 16:52:16,870 [INFO] ✅ สคริปต์ network_monitor.py ทำงานเสร็จสิ้นอย่างสมบูรณ์
2026-07-15 16:52:17,847 [INFO] ✅ สคริปต์ cctv_monitor.py ทำงานเสร็จสิ้นอย่างสมบูรณ์
2026-07-15 16:52:18,801 [INFO] ✅ สคริปต์ device_monitor.py ทำงานเสร็จสิ้นอย่างสมบูรณ์
2026-07-15 16:52:18,803 [INFO] ⏱️ ตรวจสอบระบบไอทีเสร็จสิ้นทั้งหมด ใช้เวลารวม: 2.71 วินาที
2026-07-15 16:52:18,803 [INFO] ==================================================

2026-07-16 08:56:37,296 [INFO] ==================================================
2026-07-16 08:56:37,299 [INFO] 🏁 เริ่มต้นระบบตรวจสอบเครือข่ายและไอทีอินฟราสตรัคเจอร์
2026-07-16 08:56:37,299 [INFO] ==================================================
2026-07-16 08:56:37,299 [INFO] 🚀 เริ่มต้นการทำงานของสคริปต์: network_monitor.py
2026-07-16 08:56:37,300 [INFO] 🚀 เริ่มต้นการทำงานของสคริปต์: device_monitor.py
2026-07-16 08:56:37,301 [INFO] 🚀 เริ่มต้นการทำงานของสคริปต์: cctv_monitor.py
2026-07-16 08:56:38,023 [INFO] ✅ สคริปต์ network_monitor.py ทำงานเสร็จสิ้นอย่างสมบูรณ์
2026-07-16 08:56:38,996 [INFO] ✅ สคริปต์ cctv_monitor.py ทำงานเสร็จสิ้นอย่างสมบูรณ์
2026-07-16 08:56:39,990 [INFO] ✅ สคริปต์ device_monitor.py ทำงานเสร็จสิ้นอย่างสมบูรณ์
2026-07-16 08:56:39,994 [INFO] ⏱️ ตรวจสอบระบบไอทีเสร็จสิ้นทั้งหมด ใช้เวลารวม: 2.69 วินาที
2026-07-16 08:56:39,994 [INFO] ==================================================

2026-07-16 09:45:01,677 [INFO] ==================================================
2026-07-16 09:45:01,677 [INFO] 🏁 เริ่มต้นระบบตรวจสอบเครือข่ายและไอทีอินฟราสตรัคเจอร์
2026-07-16 09:45:01,677 [INFO] ==================================================
2026-07-16 09:45:01,678 [INFO] 🚀 เริ่มต้นการทำงานของสคริปต์: network_monitor.py
2026-07-16 09:45:01,678 [INFO] 🚀 เริ่มต้นการทำงานของสคริปต์: device_monitor.py
2026-07-16 09:45:01,680 [INFO] 🚀 เริ่มต้นการทำงานของสคริปต์: cctv_monitor.py
2026-07-16 09:45:02,434 [INFO] ✅ สคริปต์ network_monitor.py ทำงานเสร็จสิ้นอย่างสมบูรณ์
2026-07-16 09:45:03,428 [INFO] ✅ สคริปต์ cctv_monitor.py ทำงานเสร็จสิ้นอย่างสมบูรณ์
2026-07-16 09:45:04,399 [INFO] ✅ สคริปต์ device_monitor.py ทำงานเสร็จสิ้นอย่างสมบูรณ์
2026-07-16 09:45:04,402 [INFO] ⏱️ ตรวจสอบระบบไอทีเสร็จสิ้นทั้งหมด ใช้เวลารวม: 2.72 วินาที
2026-07-16 09:45:04,402 [INFO] ==================================================

2026-07-16 09:45:59,968 [INFO] ==================================================
2026-07-16 09:45:59,968 [INFO] 🏁 เริ่มต้นระบบตรวจสอบเครือข่ายและไอทีอินฟราสตรัคเจอร์
2026-07-16 09:45:59,968 [INFO] ==================================================
2026-07-16 09:45:59,969 [INFO] 🚀 เริ่มต้นการทำงานของสคริปต์: network_monitor.py
2026-07-16 09:45:59,969 [INFO] 🚀 เริ่มต้นการทำงานของสคริปต์: device_monitor.py
2026-07-16 09:45:59,969 [INFO] 🚀 เริ่มต้นการทำงานของสคริปต์: cctv_monitor.py
2026-07-16 09:46:00,339 [INFO] ✅ สคริปต์ cctv_monitor.py ทำงานเสร็จสิ้นอย่างสมบูรณ์
2026-07-16 09:46:00,354 [INFO] ✅ สคริปต์ network_monitor.py ทำงานเสร็จสิ้นอย่างสมบูรณ์
2026-07-16 09:46:02,304 [INFO] ✅ สคริปต์ device_monitor.py ทำงานเสร็จสิ้นอย่างสมบูรณ์
2026-07-16 09:46:02,305 [INFO] ⏱️ ตรวจสอบระบบไอทีเสร็จสิ้นทั้งหมด ใช้เวลารวม: 2.34 วินาที
2026-07-16 09:46:02,305 [INFO] ==================================================

2026-07-16 09:50:02,589 [INFO] ==================================================
2026-07-16 09:50:02,589 [INFO] 🏁 เริ่มต้นระบบตรวจสอบเครือข่ายและไอทีอินฟราสตรัคเจอร์
2026-07-16 09:50:02,589 [INFO] ==================================================
2026-07-16 09:50:02,589 [INFO] 🚀 เริ่มต้นการทำงานของสคริปต์: network_monitor.py
2026-07-16 09:50:02,590 [INFO] 🚀 เริ่มต้นการทำงานของสคริปต์: device_monitor.py
2026-07-16 09:50:02,590 [INFO] 🚀 เริ่มต้นการทำงานของสคริปต์: cctv_monitor.py
2026-07-16 09:50:02,964 [INFO] ✅ สคริปต์ network_monitor.py ทำงานเสร็จสิ้นอย่างสมบูรณ์
2026-07-16 09:50:03,960 [INFO] ✅ สคริปต์ cctv_monitor.py ทำงานเสร็จสิ้นอย่างสมบูรณ์
2026-07-16 09:50:04,946 [INFO] ✅ สคริปต์ device_monitor.py ทำงานเสร็จสิ้นอย่างสมบูรณ์
2026-07-16 09:50:04,947 [INFO] ⏱️ ตรวจสอบระบบไอทีเสร็จสิ้นทั้งหมด ใช้เวลารวม: 2.36 วินาที
2026-07-16 09:50:04,947 [INFO] ==================================================

2026-07-16 09:55:02,522 [INFO] ==================================================
2026-07-16 09:55:02,522 [INFO] 🏁 เริ่มต้นระบบตรวจสอบเครือข่ายและไอทีอินฟราสตรัคเจอร์
2026-07-16 09:55:02,522 [INFO] ==================================================
2026-07-16 09:55:02,523 [INFO] 🚀 เริ่มต้นการทำงานของสคริปต์: network_monitor.py
2026-07-16 09:55:02,523 [INFO] 🚀 เริ่มต้นการทำงานของสคริปต์: device_monitor.py
2026-07-16 09:55:02,523 [INFO] 🚀 เริ่มต้นการทำงานของสคริปต์: cctv_monitor.py
2026-07-16 09:55:02,919 [INFO] ✅ สคริปต์ cctv_monitor.py ทำงานเสร็จสิ้นอย่างสมบูรณ์
2026-07-16 09:55:04,970 [INFO] ✅ สคริปต์ device_monitor.py ทำงานเสร็จสิ้นอย่างสมบูรณ์
2026-07-16 09:55:05,636 [INFO] ✅ สคริปต์ network_monitor.py ทำงานเสร็จสิ้นอย่างสมบูรณ์
2026-07-16 09:55:05,637 [INFO] ⏱️ ตรวจสอบระบบไอทีเสร็จสิ้นทั้งหมด ใช้เวลารวม: 3.11 วินาที
2026-07-16 09:55:05,637 [INFO] ==================================================

2026-07-16 09:55:41,574 [INFO] ==================================================
2026-07-16 09:55:41,574 [INFO] 🏁 เริ่มต้นระบบตรวจสอบเครือข่ายและไอทีอินฟราสตรัคเจอร์
2026-07-16 09:55:41,575 [INFO] ==================================================
2026-07-16 09:55:41,575 [INFO] 🚀 เริ่มต้นการทำงานของสคริปต์: network_monitor.py
2026-07-16 09:55:41,575 [INFO] 🚀 เริ่มต้นการทำงานของสคริปต์: device_monitor.py
2026-07-16 09:55:41,577 [INFO] 🚀 เริ่มต้นการทำงานของสคริปต์: cctv_monitor.py
2026-07-16 09:55:41,941 [INFO] ✅ สคริปต์ cctv_monitor.py ทำงานเสร็จสิ้นอย่างสมบูรณ์
2026-07-16 09:55:43,899 [INFO] ✅ สคริปต์ device_monitor.py ทำงานเสร็จสิ้นอย่างสมบูรณ์
2026-07-16 09:55:44,023 [INFO] ✅ สคริปต์ network_monitor.py ทำงานเสร็จสิ้นอย่างสมบูรณ์
2026-07-16 09:55:44,024 [INFO] ⏱️ ตรวจสอบระบบไอทีเสร็จสิ้นทั้งหมด ใช้เวลารวม: 2.45 วินาที
2026-07-16 09:55:44,024 [INFO] ==================================================

2026-07-16 09:55:59,861 [INFO] ==================================================
2026-07-16 09:55:59,861 [INFO] 🏁 เริ่มต้นระบบตรวจสอบเครือข่ายและไอทีอินฟราสตรัคเจอร์
2026-07-16 09:55:59,862 [INFO] ==================================================
2026-07-16 09:55:59,862 [INFO] 🚀 เริ่มต้นการทำงานของสคริปต์: network_monitor.py
2026-07-16 09:55:59,862 [INFO] 🚀 เริ่มต้นการทำงานของสคริปต์: device_monitor.py
2026-07-16 09:55:59,864 [INFO] 🚀 เริ่มต้นการทำงานของสคริปต์: cctv_monitor.py
2026-07-16 09:56:00,234 [INFO] ✅ สคริปต์ cctv_monitor.py ทำงานเสร็จสิ้นอย่างสมบูรณ์
2026-07-16 09:56:00,992 [INFO] ✅ สคริปต์ network_monitor.py ทำงานเสร็จสิ้นอย่างสมบูรณ์
2026-07-16 09:56:02,197 [INFO] ✅ สคริปต์ device_monitor.py ทำงานเสร็จสิ้นอย่างสมบูรณ์
2026-07-16 09:56:02,198 [INFO] ⏱️ ตรวจสอบระบบไอทีเสร็จสิ้นทั้งหมด ใช้เวลารวม: 2.34 วินาที
2026-07-16 09:56:02,200 [INFO] ==================================================

2026-07-16 09:56:22,007 [INFO] ==================================================
2026-07-16 09:56:22,007 [INFO] 🏁 เริ่มต้นระบบตรวจสอบเครือข่ายและไอทีอินฟราสตรัคเจอร์
2026-07-16 09:56:22,007 [INFO] ==================================================
2026-07-16 09:56:22,008 [INFO] 🚀 เริ่มต้นการทำงานของสคริปต์: network_monitor.py
2026-07-16 09:56:22,008 [INFO] 🚀 เริ่มต้นการทำงานของสคริปต์: device_monitor.py
2026-07-16 09:56:22,008 [INFO] 🚀 เริ่มต้นการทำงานของสคริปต์: cctv_monitor.py
2026-07-16 09:56:22,403 [INFO] ✅ สคริปต์ cctv_monitor.py ทำงานเสร็จสิ้นอย่างสมบูรณ์
2026-07-16 09:56:24,342 [INFO] ✅ สคริปต์ device_monitor.py ทำงานเสร็จสิ้นอย่างสมบูรณ์
2026-07-16 09:56:27,327 [INFO] ✅ สคริปต์ network_monitor.py ทำงานเสร็จสิ้นอย่างสมบูรณ์
2026-07-16 09:56:27,328 [INFO] ⏱️ ตรวจสอบระบบไอทีเสร็จสิ้นทั้งหมด ใช้เวลารวม: 5.32 วินาที
2026-07-16 09:56:27,328 [INFO] ==================================================

2026-07-16 09:56:38,787 [INFO] ==================================================
2026-07-16 09:56:38,787 [INFO] 🏁 เริ่มต้นระบบตรวจสอบเครือข่ายและไอทีอินฟราสตรัคเจอร์
2026-07-16 09:56:38,787 [INFO] ==================================================
2026-07-16 09:56:38,788 [INFO] 🚀 เริ่มต้นการทำงานของสคริปต์: network_monitor.py
2026-07-16 09:56:38,788 [INFO] 🚀 เริ่มต้นการทำงานของสคริปต์: device_monitor.py
2026-07-16 09:56:38,788 [INFO] 🚀 เริ่มต้นการทำงานของสคริปต์: cctv_monitor.py
2026-07-16 09:56:39,150 [INFO] ✅ สคริปต์ cctv_monitor.py ทำงานเสร็จสิ้นอย่างสมบูรณ์
2026-07-16 09:56:39,804 [INFO] ✅ สคริปต์ network_monitor.py ทำงานเสร็จสิ้นอย่างสมบูรณ์
2026-07-16 09:56:41,114 [INFO] ✅ สคริปต์ device_monitor.py ทำงานเสร็จสิ้นอย่างสมบูรณ์
2026-07-16 09:56:41,114 [INFO] ⏱️ ตรวจสอบระบบไอทีเสร็จสิ้นทั้งหมด ใช้เวลารวม: 2.33 วินาที
2026-07-16 09:56:41,114 [INFO] ==================================================

2026-07-16 10:00:02,574 [INFO] ==================================================
2026-07-16 10:00:02,574 [INFO] 🏁 เริ่มต้นระบบตรวจสอบเครือข่ายและไอทีอินฟราสตรัคเจอร์
2026-07-16 10:00:02,574 [INFO] ==================================================
2026-07-16 10:00:02,575 [INFO] 🚀 เริ่มต้นการทำงานของสคริปต์: network_monitor.py
2026-07-16 10:00:02,575 [INFO] 🚀 เริ่มต้นการทำงานของสคริปต์: device_monitor.py
2026-07-16 10:00:02,575 [INFO] 🚀 เริ่มต้นการทำงานของสคริปต์: cctv_monitor.py
2026-07-16 10:00:02,949 [INFO] ✅ สคริปต์ cctv_monitor.py ทำงานเสร็จสิ้นอย่างสมบูรณ์
2026-07-16 10:00:02,966 [INFO] ✅ สคริปต์ network_monitor.py ทำงานเสร็จสิ้นอย่างสมบูรณ์
2026-07-16 10:00:04,942 [INFO] ✅ สคริปต์ device_monitor.py ทำงานเสร็จสิ้นอย่างสมบูรณ์
2026-07-16 10:00:04,942 [INFO] ⏱️ ตรวจสอบระบบไอทีเสร็จสิ้นทั้งหมด ใช้เวลารวม: 2.37 วินาที
2026-07-16 10:00:04,942 [INFO] ==================================================

2026-07-16 10:05:02,558 [INFO] ==================================================
2026-07-16 10:05:02,558 [INFO] 🏁 เริ่มต้นระบบตรวจสอบเครือข่ายและไอทีอินฟราสตรัคเจอร์
2026-07-16 10:05:02,558 [INFO] ==================================================
2026-07-16 10:05:02,558 [INFO] 🚀 เริ่มต้นการทำงานของสคริปต์: network_monitor.py
2026-07-16 10:05:02,559 [INFO] 🚀 เริ่มต้นการทำงานของสคริปต์: device_monitor.py
2026-07-16 10:05:02,560 [INFO] 🚀 เริ่มต้นการทำงานของสคริปต์: cctv_monitor.py
2026-07-16 10:05:02,925 [INFO] ✅ สคริปต์ network_monitor.py ทำงานเสร็จสิ้นอย่างสมบูรณ์
2026-07-16 10:05:03,949 [INFO] ✅ สคริปต์ cctv_monitor.py ทำงานเสร็จสิ้นอย่างสมบูรณ์
2026-07-16 10:05:04,894 [INFO] ✅ สคริปต์ device_monitor.py ทำงานเสร็จสิ้นอย่างสมบูรณ์
2026-07-16 10:05:04,895 [INFO] ⏱️ ตรวจสอบระบบไอทีเสร็จสิ้นทั้งหมด ใช้เวลารวม: 2.34 วินาที
2026-07-16 10:05:04,896 [INFO] ==================================================

2026-07-16 10:20:02,500 [INFO] ==================================================
2026-07-16 10:20:02,501 [INFO] 🏁 เริ่มต้นระบบตรวจสอบเครือข่ายและไอทีอินฟราสตรัคเจอร์
2026-07-16 10:20:02,501 [INFO] ==================================================
2026-07-16 10:20:02,501 [INFO] 🚀 เริ่มต้นการทำงานของสคริปต์: network_monitor.py
2026-07-16 10:20:02,502 [INFO] 🚀 เริ่มต้นการทำงานของสคริปต์: device_monitor.py
2026-07-16 10:20:02,502 [INFO] 🚀 เริ่มต้นการทำงานของสคริปต์: cctv_monitor.py
2026-07-16 10:20:02,862 [INFO] ✅ สคริปต์ network_monitor.py ทำงานเสร็จสิ้นอย่างสมบูรณ์
2026-07-16 10:20:03,840 [INFO] ✅ สคริปต์ cctv_monitor.py ทำงานเสร็จสิ้นอย่างสมบูรณ์
2026-07-16 10:20:04,825 [INFO] ✅ สคริปต์ device_monitor.py ทำงานเสร็จสิ้นอย่างสมบูรณ์
2026-07-16 10:20:04,825 [INFO] ⏱️ ตรวจสอบระบบไอทีเสร็จสิ้นทั้งหมด ใช้เวลารวม: 2.32 วินาที
2026-07-16 10:20:04,825 [INFO] ==================================================

